{"C:\\Users\\user\\Desktop\\react-testing-demo\\src\\Badge.jsx": {"path":"C:\\Users\\user\\Desktop\\react-testing-demo\\src\\Badge.jsx","statementMap":{"0":{"start":{"line":4,"column":2},"end":{"line":11,"column":4}}},"fnMap":{"0":{"name":"Badge","decl":{"start":{"line":3,"column":24},"end":{"line":3,"column":29}},"loc":{"start":{"line":3,"column":44},"end":{"line":12,"column":1}},"line":3}},"branchMap":{},"s":{"0":2},"f":{"0":2},"b":{},"_coverageSchema":"1a1c01bbd47fc00a2c39e90264f33305004495a9","hash":"1febdefa4a93515474d4c6f61bfe3e7008e9e714"}
,"C:\\Users\\user\\Desktop\\react-testing-demo\\src\\Counter.jsx": {"path":"C:\\Users\\user\\Desktop\\react-testing-demo\\src\\Counter.jsx","statementMap":{"0":{"start":{"line":3,"column":17},"end":{"line":3,"column":28}},"1":{"start":{"line":4,"column":4},"end":{"line":9,"column":6}},"2":{"start":{"line":7,"column":29},"end":{"line":7,"column":38}}},"fnMap":{"0":{"name":"Counter","decl":{"start":{"line":2,"column":24},"end":{"line":2,"column":31}},"loc":{"start":{"line":2,"column":33},"end":{"line":10,"column":1}},"line":2},"1":{"name":"(anonymous_1)","decl":{"start":{"line":7,"column":25},"end":{"line":7,"column":26}},"loc":{"start":{"line":7,"column":29},"end":{"line":7,"column":38}},"line":7}},"branchMap":{},"s":{"0":2,"1":2,"2":1},"f":{"0":2,"1":1},"b":{},"_coverageSchema":"1a1c01bbd47fc00a2c39e90264f33305004495a9","hash":"92666570c282c4110e3b5a031b22e7e17235b16d"}
}
